<?xml version="1.0" encoding="UTF-8"?>
<robot generator="Robot 5.0.1 (Python 3.9.2 on linux)" generated="20220822 13:47:37.034" rpa="false" schemaversion="3">
<suite id="s1" name="autoTest" source="/home/yoyo/simple_test/autoTest.robot">
<test id="s1-t1" name="Run Redfish" line="24">
<kw name="Redfish Auto" library="service">
<kw name="Redfish Autoinput" library="redfishAutoInput">
<status status="PASS" starttime="20220822 13:47:45.391" endtime="20220822 13:52:25.345"/>
</kw>
<status status="PASS" starttime="20220822 13:47:45.387" endtime="20220822 13:52:25.345"/>
</kw>
<kw name="Close SCP and SSH" library="commons" type="TEARDOWN">
<kw name="Close Connection" library="scp">
<doc>Closes the SCP connection.</doc>
<status status="PASS" starttime="20220822 13:52:25.350" endtime="20220822 13:52:25.350"/>
</kw>
<kw name="Close All Connections" library="ssh">
<doc>Closes all open connections.</doc>
<status status="PASS" starttime="20220822 13:52:25.351" endtime="20220822 13:52:25.351"/>
</kw>
<status status="PASS" starttime="20220822 13:52:25.347" endtime="20220822 13:52:25.351"/>
</kw>
<tag>Run_Redfish</tag>
<status status="PASS" starttime="20220822 13:47:45.382" endtime="20220822 13:52:25.352"/>
</test>
<test id="s1-t2" name="Run IPMI" line="28">
<kw name="IPMI Automation" library="service">
<kw name="Ipmi Autoinput" library="ipmi_autoinput">
<status status="PASS" starttime="20220822 13:52:25.356" endtime="20220822 13:52:45.236"/>
</kw>
<status status="PASS" starttime="20220822 13:52:25.355" endtime="20220822 13:52:45.236"/>
</kw>
<kw name="Close SCP and SSH" library="commons" type="TEARDOWN">
<kw name="Close Connection" library="scp">
<doc>Closes the SCP connection.</doc>
<status status="PASS" starttime="20220822 13:52:45.240" endtime="20220822 13:52:45.241"/>
</kw>
<kw name="Close All Connections" library="ssh">
<doc>Closes all open connections.</doc>
<status status="PASS" starttime="20220822 13:52:45.241" endtime="20220822 13:52:45.241"/>
</kw>
<status status="PASS" starttime="20220822 13:52:45.237" endtime="20220822 13:52:45.242"/>
</kw>
<tag>Run_IPMI</tag>
<status status="PASS" starttime="20220822 13:52:25.354" endtime="20220822 13:52:45.242"/>
</test>
<status status="PASS" starttime="20220822 13:47:37.037" endtime="20220822 13:52:45.244"/>
</suite>
<statistics>
<total>
<stat pass="2" fail="0" skip="0">All Tests</stat>
</total>
<tag>
<stat pass="1" fail="0" skip="0">Run_IPMI</stat>
<stat pass="1" fail="0" skip="0">Run_Redfish</stat>
</tag>
<suite>
<stat pass="2" fail="0" skip="0" id="s1" name="autoTest">autoTest</stat>
</suite>
</statistics>
<errors>
</errors>
</robot>
